 command line:
   ./tb_traffic_light_controller_isim_beh.exe
     -intstyle  ise
     -ipchost  localhost
     -ipcport  52177

Tue Sep 08 12:47:50 2020

Total Line Count : 117

 Elaboration time : 0.015625 sec.

 Estimate current memory usage : 158.532 Meg. 

 Total Signals          : 21
 Total Nets             : 50
 Total Signal Drivers   : 16
 Total Blocks           : 5
 Total Primitive Blocks : 1
 Total Processes        : 7
 Total Traceable Variables  : 0
 Total Scalar Nets and Variables : 50
ntrace select -o on -m / -l this 
ntrace start 
isimrun 1000 ns 
Simulator is doing circuit initialization process.
Finished circuit initialization process.
